<?xml version="1.0" encoding="UTF-8"?>
<testng-results skipped="0" failed="1" ignored="0" total="5" passed="4">
  <reporter-output>
  </reporter-output>
  <suite name="Default suite" duration-ms="115851" started-at="2022-09-27T17:19:06 EDT" finished-at="2022-09-27T17:21:02 EDT">
    <groups>
      <group name="cucumber">
        <method signature="AbstractTestNGCucumberTests.runScenario(io.cucumber.testng.PickleWrapper,io.cucumber.testng.FeatureWrapper)[pri:0, instance:runner.LoginPageTestRunner@4362d7df]" name="runScenario" class="io.cucumber.testng.AbstractTestNGCucumberTests"/>
      </group> <!-- cucumber -->
    </groups>
    <test name="Default test" duration-ms="115851" started-at="2022-09-27T17:19:06 EDT" finished-at="2022-09-27T17:21:02 EDT">
      <class name="runner.LoginPageTestRunner">
        <test-method status="PASS" signature="setUpClass(org.testng.ITestContext)[pri:0, instance:runner.LoginPageTestRunner@4362d7df]" name="setUpClass" is-config="true" duration-ms="3076" started-at="2022-09-27T17:19:06 EDT" finished-at="2022-09-27T17:19:09 EDT">
          <params>
            <param index="0">
              <value>
                <![CDATA[org.testng.TestRunner@4e7bf371]]>
              </value>
            </param>
          </params>
          <reporter-output>
          </reporter-output>
        </test-method> <!-- setUpClass -->
        <test-method status="FAIL" signature="runScenario(io.cucumber.testng.PickleWrapper,io.cucumber.testng.FeatureWrapper)[pri:0, instance:runner.LoginPageTestRunner@4362d7df]" name="runScenario" duration-ms="36646" started-at="2022-09-27T17:19:09 EDT" description="Runs Cucumber Scenarios" data-provider="scenarios" finished-at="2022-09-27T17:19:46 EDT">
          <params>
            <param index="0">
              <value>
                <![CDATA["Validating the url"]]>
              </value>
            </param>
            <param index="1">
              <value>
                <![CDATA["Optional[LoginPage]"]]>
              </value>
            </param>
          </params>
          <exception class="org.openqa.selenium.NoSuchElementException">
            <message>
              <![CDATA[no such element: Unable to locate element: {"method":"xpath","selector":"//mat-error[@role= 'alert']"}
  (Session info: chrome=105.0.5195.127)
For documentation on this error, please visit: https://www.seleniumhq.org/exceptions/no_such_element.html
Build info: version: '3.141.59', revision: 'e82be7d358', time: '2018-11-14T08:17:03'
System info: host: 'DESKTOP-7DIL52C', ip: '192.168.1.202', os.name: 'Windows 10', os.arch: 'amd64', os.version: '10.0', java.version: '1.8.0_281'
Driver info: org.openqa.selenium.chrome.ChromeDriver
Capabilities {acceptInsecureCerts: false, browserName: chrome, browserVersion: 105.0.5195.127, chrome: {chromedriverVersion: 105.0.5195.52 (412c95e51883..., userDataDir: C:\Users\udayk\AppData\Loca...}, goog:chromeOptions: {debuggerAddress: localhost:62680}, javascriptEnabled: true, networkConnectionEnabled: false, pageLoadStrategy: normal, platform: WINDOWS, platformName: WINDOWS, proxy: Proxy(), setWindowRect: true, strictFileInteractability: false, timeouts: {implicit: 0, pageLoad: 300000, script: 30000}, unhandledPromptBehavior: dismiss and notify, webauthn:extension:credBlob: true, webauthn:extension:largeBlob: true, webauthn:virtualAuthenticators: true}
Session ID: 76bc91da641b6c187deb6b4c8fb1a391
*** Element info: {Using=xpath, value=//mat-error[@role= 'alert']}]]>
            </message>
            <full-stacktrace>
              <![CDATA[org.openqa.selenium.NoSuchElementException: no such element: Unable to locate element: {"method":"xpath","selector":"//mat-error[@role= 'alert']"}
  (Session info: chrome=105.0.5195.127)
For documentation on this error, please visit: https://www.seleniumhq.org/exceptions/no_such_element.html
Build info: version: '3.141.59', revision: 'e82be7d358', time: '2018-11-14T08:17:03'
System info: host: 'DESKTOP-7DIL52C', ip: '192.168.1.202', os.name: 'Windows 10', os.arch: 'amd64', os.version: '10.0', java.version: '1.8.0_281'
Driver info: org.openqa.selenium.chrome.ChromeDriver
Capabilities {acceptInsecureCerts: false, browserName: chrome, browserVersion: 105.0.5195.127, chrome: {chromedriverVersion: 105.0.5195.52 (412c95e51883..., userDataDir: C:\Users\udayk\AppData\Loca...}, goog:chromeOptions: {debuggerAddress: localhost:62680}, javascriptEnabled: true, networkConnectionEnabled: false, pageLoadStrategy: normal, platform: WINDOWS, platformName: WINDOWS, proxy: Proxy(), setWindowRect: true, strictFileInteractability: false, timeouts: {implicit: 0, pageLoad: 300000, script: 30000}, unhandledPromptBehavior: dismiss and notify, webauthn:extension:credBlob: true, webauthn:extension:largeBlob: true, webauthn:virtualAuthenticators: true}
Session ID: 76bc91da641b6c187deb6b4c8fb1a391
*** Element info: {Using=xpath, value=//mat-error[@role= 'alert']}
at sun.reflect.NativeConstructorAccessorImpl.newInstance0(Native Method)
at sun.reflect.NativeConstructorAccessorImpl.newInstance(NativeConstructorAccessorImpl.java:62)
at sun.reflect.DelegatingConstructorAccessorImpl.newInstance(DelegatingConstructorAccessorImpl.java:45)
at java.lang.reflect.Constructor.newInstance(Constructor.java:423)
at org.openqa.selenium.remote.http.W3CHttpResponseCodec.createException(W3CHttpResponseCodec.java:187)
at org.openqa.selenium.remote.http.W3CHttpResponseCodec.decode(W3CHttpResponseCodec.java:122)
at org.openqa.selenium.remote.http.W3CHttpResponseCodec.decode(W3CHttpResponseCodec.java:49)
at org.openqa.selenium.remote.HttpCommandExecutor.execute(HttpCommandExecutor.java:158)
at org.openqa.selenium.remote.service.DriverCommandExecutor.execute(DriverCommandExecutor.java:83)
at org.openqa.selenium.remote.RemoteWebDriver.execute(RemoteWebDriver.java:552)
at org.openqa.selenium.remote.RemoteWebDriver.findElement(RemoteWebDriver.java:323)
at org.openqa.selenium.remote.RemoteWebDriver.findElementByXPath(RemoteWebDriver.java:428)
at org.openqa.selenium.By$ByXPath.findElement(By.java:353)
at org.openqa.selenium.remote.RemoteWebDriver.findElement(RemoteWebDriver.java:315)
at actions.Action.getText(Action.java:845)
at pageObjects.LogInPage.getTitleLoginPage(LogInPage.java:42)
at LogInPageStepDefinitions.LogInStepDefs.user_should_see_the_login_page(LogInStepDefs.java:47)
at ✽.User should see the Login page "Please login to LMS application"(file:///C:/Testing_Projects/LMS_UI_Phase2_Hackathon/src/test/resources/features/LogInPagefeatures/LogInPage.feature:7)
]]>
            </full-stacktrace>
          </exception> <!-- org.openqa.selenium.NoSuchElementException -->
          <reporter-output>
          </reporter-output>
        </test-method> <!-- runScenario -->
        <test-method status="PASS" signature="runScenario(io.cucumber.testng.PickleWrapper,io.cucumber.testng.FeatureWrapper)[pri:0, instance:runner.LoginPageTestRunner@4362d7df]" name="runScenario" duration-ms="16058" started-at="2022-09-27T17:19:46 EDT" description="Runs Cucumber Scenarios" data-provider="scenarios" finished-at="2022-09-27T17:20:02 EDT">
          <params>
            <param index="0">
              <value>
                <![CDATA["Validating the Login functionality with invalid password field"]]>
              </value>
            </param>
            <param index="1">
              <value>
                <![CDATA["Optional[LoginPage]"]]>
              </value>
            </param>
          </params>
          <reporter-output>
          </reporter-output>
        </test-method> <!-- runScenario -->
        <test-method status="PASS" signature="runScenario(io.cucumber.testng.PickleWrapper,io.cucumber.testng.FeatureWrapper)[pri:0, instance:runner.LoginPageTestRunner@4362d7df]" name="runScenario" duration-ms="18418" started-at="2022-09-27T17:20:02 EDT" description="Runs Cucumber Scenarios" data-provider="scenarios" finished-at="2022-09-27T17:20:20 EDT">
          <params>
            <param index="0">
              <value>
                <![CDATA["Validating the Login functionality with invalid password field"]]>
              </value>
            </param>
            <param index="1">
              <value>
                <![CDATA["Optional[LoginPage]"]]>
              </value>
            </param>
          </params>
          <reporter-output>
          </reporter-output>
        </test-method> <!-- runScenario -->
        <test-method status="PASS" signature="runScenario(io.cucumber.testng.PickleWrapper,io.cucumber.testng.FeatureWrapper)[pri:0, instance:runner.LoginPageTestRunner@4362d7df]" name="runScenario" duration-ms="13003" started-at="2022-09-27T17:20:20 EDT" description="Runs Cucumber Scenarios" data-provider="scenarios" finished-at="2022-09-27T17:20:33 EDT">
          <params>
            <param index="0">
              <value>
                <![CDATA["Validating the Login functionality with invalid username field"]]>
              </value>
            </param>
            <param index="1">
              <value>
                <![CDATA["Optional[LoginPage]"]]>
              </value>
            </param>
          </params>
          <reporter-output>
          </reporter-output>
        </test-method> <!-- runScenario -->
        <test-method status="PASS" signature="runScenario(io.cucumber.testng.PickleWrapper,io.cucumber.testng.FeatureWrapper)[pri:0, instance:runner.LoginPageTestRunner@4362d7df]" name="runScenario" duration-ms="20032" started-at="2022-09-27T17:20:33 EDT" description="Runs Cucumber Scenarios" data-provider="scenarios" finished-at="2022-09-27T17:20:54 EDT">
          <params>
            <param index="0">
              <value>
                <![CDATA["Validating the Login functionality with valid username and password"]]>
              </value>
            </param>
            <param index="1">
              <value>
                <![CDATA["Optional[LoginPage]"]]>
              </value>
            </param>
          </params>
          <reporter-output>
          </reporter-output>
        </test-method> <!-- runScenario -->
        <test-method status="PASS" signature="tearDownClass()[pri:0, instance:runner.LoginPageTestRunner@4362d7df]" name="tearDownClass" is-config="true" duration-ms="7339" started-at="2022-09-27T17:20:54 EDT" finished-at="2022-09-27T17:21:02 EDT">
          <reporter-output>
          </reporter-output>
        </test-method> <!-- tearDownClass -->
      </class> <!-- runner.LoginPageTestRunner -->
    </test> <!-- Default test -->
  </suite> <!-- Default suite -->
</testng-results>
